=/pretest.json
{
  _: [],
  f: [
    '/home/runner/work/exp-mapping-of-s-plane-to-z-plane-iitkgp/exp-mapping-of-s-plane-to-z-plane-iitkgp/experiment/pretest.json'
  ],
  files: [
    '/home/runner/work/exp-mapping-of-s-plane-to-z-plane-iitkgp/exp-mapping-of-s-plane-to-z-plane-iitkgp/experiment/pretest.json'
  ],
  c: 'assessment',
  contentTypes: 'assessment',
  'content-types': 'assessment',
  '$0': 'validate'
}
Validated true
=/posttest.json
{
  _: [],
  f: [
    '/home/runner/work/exp-mapping-of-s-plane-to-z-plane-iitkgp/exp-mapping-of-s-plane-to-z-plane-iitkgp/experiment/posttest.json'
  ],
  files: [
    '/home/runner/work/exp-mapping-of-s-plane-to-z-plane-iitkgp/exp-mapping-of-s-plane-to-z-plane-iitkgp/experiment/posttest.json'
  ],
  c: 'assessment',
  contentTypes: 'assessment',
  'content-types': 'assessment',
  '$0': 'validate'
}
Validated true
