
/home/runner/work/exp-mapping-of-s-plane-to-z-plane-iitkgp/exp-mapping-of-s-plane-to-z-plane-iitkgp/experiment/simulation/js/SZ.js
    1:10  warning  'enter_pzno' is defined but never used   no-unused-vars
   33:10  warning  'inputChange' is defined but never used  no-unused-vars
   90:10  warning  'refresh' is defined but never used      no-unused-vars
  127:10  warning  'SZ' is defined but never used           no-unused-vars
  144:9   warning  'Sp' is assigned a value but never used  no-unused-vars
  195:6   warning  'Zp' is already defined                  no-redeclare
  195:11  warning  'math' is not defined                    no-undef
  195:20  warning  'math' is not defined                    no-undef
  195:27  warning  'math' is not defined                    no-undef
  195:43  warning  'math' is not defined                    no-undef
  209:11  warning  'math' is not defined                    no-undef
  209:20  warning  'math' is not defined                    no-undef
  209:27  warning  'math' is not defined                    no-undef
  209:43  warning  'math' is not defined                    no-undef
  223:6   warning  'x0' is assigned a value but never used  no-unused-vars
  224:6   warning  'y0' is assigned a value but never used  no-unused-vars
  226:1   warning  Mixed spaces and tabs                    no-mixed-spaces-and-tabs
  227:1   warning  Mixed spaces and tabs                    no-mixed-spaces-and-tabs
  227:10  warning  'math' is not defined                    no-undef
  227:26  warning  'math' is not defined                    no-undef
  228:9   warning  'math' is not defined                    no-undef
  228:25  warning  'math' is not defined                    no-undef
  230:1   warning  Mixed spaces and tabs                    no-mixed-spaces-and-tabs
  241:19  warning  'CanvasJS' is not defined                no-undef
  244:1   warning  Mixed spaces and tabs                    no-mixed-spaces-and-tabs
  245:2   warning  Mixed spaces and tabs                    no-mixed-spaces-and-tabs
  246:2   warning  Mixed spaces and tabs                    no-mixed-spaces-and-tabs
  247:2   warning  Mixed spaces and tabs                    no-mixed-spaces-and-tabs
  248:1   warning  Mixed spaces and tabs                    no-mixed-spaces-and-tabs
  250:1   warning  Mixed spaces and tabs                    no-mixed-spaces-and-tabs
  252:1   warning  Mixed spaces and tabs                    no-mixed-spaces-and-tabs
  253:1   warning  Mixed spaces and tabs                    no-mixed-spaces-and-tabs
  256:2   warning  Mixed spaces and tabs                    no-mixed-spaces-and-tabs
  260:1   warning  Mixed spaces and tabs                    no-mixed-spaces-and-tabs
  261:1   warning  Mixed spaces and tabs                    no-mixed-spaces-and-tabs
  264:12  warning  Mixed spaces and tabs                    no-mixed-spaces-and-tabs
  265:1   warning  Mixed spaces and tabs                    no-mixed-spaces-and-tabs
  266:2   warning  Mixed spaces and tabs                    no-mixed-spaces-and-tabs
  278:1   warning  Mixed spaces and tabs                    no-mixed-spaces-and-tabs
  285:1   warning  Mixed spaces and tabs                    no-mixed-spaces-and-tabs
  302:1   warning  Mixed spaces and tabs                    no-mixed-spaces-and-tabs
  312:1   warning  Mixed spaces and tabs                    no-mixed-spaces-and-tabs
  313:2   warning  Mixed spaces and tabs                    no-mixed-spaces-and-tabs
  314:1   warning  Mixed spaces and tabs                    no-mixed-spaces-and-tabs
  315:1   warning  Mixed spaces and tabs                    no-mixed-spaces-and-tabs
  326:1   warning  Mixed spaces and tabs                    no-mixed-spaces-and-tabs
  330:1   warning  Mixed spaces and tabs                    no-mixed-spaces-and-tabs
  333:1   warning  Mixed spaces and tabs                    no-mixed-spaces-and-tabs
  334:1   warning  Mixed spaces and tabs                    no-mixed-spaces-and-tabs
  349:19  warning  'CanvasJS' is not defined                no-undef
  352:1   warning  Mixed spaces and tabs                    no-mixed-spaces-and-tabs
  353:2   warning  Mixed spaces and tabs                    no-mixed-spaces-and-tabs
  354:2   warning  Mixed spaces and tabs                    no-mixed-spaces-and-tabs
  356:1   warning  Mixed spaces and tabs                    no-mixed-spaces-and-tabs
  358:1   warning  Mixed spaces and tabs                    no-mixed-spaces-and-tabs
  360:1   warning  Mixed spaces and tabs                    no-mixed-spaces-and-tabs
  361:1   warning  Mixed spaces and tabs                    no-mixed-spaces-and-tabs
  368:1   warning  Mixed spaces and tabs                    no-mixed-spaces-and-tabs
  370:2   warning  Mixed spaces and tabs                    no-mixed-spaces-and-tabs
  383:1   warning  Mixed spaces and tabs                    no-mixed-spaces-and-tabs
  390:1   warning  Mixed spaces and tabs                    no-mixed-spaces-and-tabs
  397:1   warning  Mixed spaces and tabs                    no-mixed-spaces-and-tabs
  403:1   warning  Mixed spaces and tabs                    no-mixed-spaces-and-tabs
  413:1   warning  Mixed spaces and tabs                    no-mixed-spaces-and-tabs
  422:1   warning  Mixed spaces and tabs                    no-mixed-spaces-and-tabs
  423:2   warning  Mixed spaces and tabs                    no-mixed-spaces-and-tabs
  424:1   warning  Mixed spaces and tabs                    no-mixed-spaces-and-tabs
  425:1   warning  Mixed spaces and tabs                    no-mixed-spaces-and-tabs
  431:1   warning  Mixed spaces and tabs                    no-mixed-spaces-and-tabs
  434:1   warning  Mixed spaces and tabs                    no-mixed-spaces-and-tabs
  435:1   warning  Mixed spaces and tabs                    no-mixed-spaces-and-tabs
  436:2   warning  Mixed spaces and tabs                    no-mixed-spaces-and-tabs
  437:1   warning  Mixed spaces and tabs                    no-mixed-spaces-and-tabs
  438:1   warning  Mixed spaces and tabs                    no-mixed-spaces-and-tabs
  461:1   warning  Mixed spaces and tabs                    no-mixed-spaces-and-tabs
  465:1   warning  Mixed spaces and tabs                    no-mixed-spaces-and-tabs
  466:1   warning  Mixed spaces and tabs                    no-mixed-spaces-and-tabs
  468:1   warning  Mixed spaces and tabs                    no-mixed-spaces-and-tabs
  496:10  warning  'ZWn' is defined but never used          no-unused-vars
  508:9   warning  'Sp' is assigned a value but never used  no-unused-vars
  509:6   warning  'Zp' is assigned a value but never used  no-unused-vars
  513:2   warning  'Par1' is not defined                    no-undef
  513:7   warning  'math' is not defined                    no-undef
  514:2   warning  'Paim1' is not defined                   no-undef
  514:8   warning  'math' is not defined                    no-undef
  514:37  warning  'math' is not defined                    no-undef
  516:11  warning  'Par1' is not defined                    no-undef
  517:11  warning  'Paim1' is not defined                   no-undef
  518:11  warning  'Par1' is not defined                    no-undef
  519:12  warning  'Paim1' is not defined                   no-undef
  534:12  warning  'math' is not defined                    no-undef
  534:21  warning  'math' is not defined                    no-undef
  534:28  warning  'math' is not defined                    no-undef
  534:44  warning  'math' is not defined                    no-undef
  535:12  warning  'math' is not defined                    no-undef
  535:21  warning  'math' is not defined                    no-undef
  535:28  warning  'math' is not defined                    no-undef
  535:44  warning  'math' is not defined                    no-undef
  553:6   warning  'x0' is assigned a value but never used  no-unused-vars
  554:6   warning  'y0' is assigned a value but never used  no-unused-vars
  556:1   warning  Mixed spaces and tabs                    no-mixed-spaces-and-tabs
  557:1   warning  Mixed spaces and tabs                    no-mixed-spaces-and-tabs
  557:10  warning  'math' is not defined                    no-undef
  557:26  warning  'math' is not defined                    no-undef
  558:9   warning  'math' is not defined                    no-undef
  558:25  warning  'math' is not defined                    no-undef
  560:1   warning  Mixed spaces and tabs                    no-mixed-spaces-and-tabs
  571:19  warning  'CanvasJS' is not defined                no-undef
  574:1   warning  Mixed spaces and tabs                    no-mixed-spaces-and-tabs
  575:2   warning  Mixed spaces and tabs                    no-mixed-spaces-and-tabs
  576:1   warning  Mixed spaces and tabs                    no-mixed-spaces-and-tabs
  578:1   warning  Mixed spaces and tabs                    no-mixed-spaces-and-tabs
  580:1   warning  Mixed spaces and tabs                    no-mixed-spaces-and-tabs
  581:1   warning  Mixed spaces and tabs                    no-mixed-spaces-and-tabs
  588:12  warning  Mixed spaces and tabs                    no-mixed-spaces-and-tabs
  589:1   warning  Mixed spaces and tabs                    no-mixed-spaces-and-tabs
  590:2   warning  Mixed spaces and tabs                    no-mixed-spaces-and-tabs
  602:1   warning  Mixed spaces and tabs                    no-mixed-spaces-and-tabs
  610:1   warning  Mixed spaces and tabs                    no-mixed-spaces-and-tabs
  627:1   warning  Mixed spaces and tabs                    no-mixed-spaces-and-tabs
  638:1   warning  Mixed spaces and tabs                    no-mixed-spaces-and-tabs
  639:2   warning  Mixed spaces and tabs                    no-mixed-spaces-and-tabs
  640:1   warning  Mixed spaces and tabs                    no-mixed-spaces-and-tabs
  641:1   warning  Mixed spaces and tabs                    no-mixed-spaces-and-tabs
  652:1   warning  Mixed spaces and tabs                    no-mixed-spaces-and-tabs
  656:1   warning  Mixed spaces and tabs                    no-mixed-spaces-and-tabs
  659:1   warning  Mixed spaces and tabs                    no-mixed-spaces-and-tabs
  660:1   warning  Mixed spaces and tabs                    no-mixed-spaces-and-tabs
  675:19  warning  'CanvasJS' is not defined                no-undef
  678:1   warning  Mixed spaces and tabs                    no-mixed-spaces-and-tabs
  679:2   warning  Mixed spaces and tabs                    no-mixed-spaces-and-tabs
  680:1   warning  Mixed spaces and tabs                    no-mixed-spaces-and-tabs
  682:1   warning  Mixed spaces and tabs                    no-mixed-spaces-and-tabs
  684:1   warning  Mixed spaces and tabs                    no-mixed-spaces-and-tabs
  685:1   warning  Mixed spaces and tabs                    no-mixed-spaces-and-tabs
  692:1   warning  Mixed spaces and tabs                    no-mixed-spaces-and-tabs
  694:2   warning  Mixed spaces and tabs                    no-mixed-spaces-and-tabs
  707:1   warning  Mixed spaces and tabs                    no-mixed-spaces-and-tabs
  714:1   warning  Mixed spaces and tabs                    no-mixed-spaces-and-tabs
  721:1   warning  Mixed spaces and tabs                    no-mixed-spaces-and-tabs
  727:1   warning  Mixed spaces and tabs                    no-mixed-spaces-and-tabs
  737:1   warning  Mixed spaces and tabs                    no-mixed-spaces-and-tabs
  747:1   warning  Mixed spaces and tabs                    no-mixed-spaces-and-tabs
  748:2   warning  Mixed spaces and tabs                    no-mixed-spaces-and-tabs
  749:1   warning  Mixed spaces and tabs                    no-mixed-spaces-and-tabs
  750:1   warning  Mixed spaces and tabs                    no-mixed-spaces-and-tabs
  756:1   warning  Mixed spaces and tabs                    no-mixed-spaces-and-tabs
  759:1   warning  Mixed spaces and tabs                    no-mixed-spaces-and-tabs
  760:1   warning  Mixed spaces and tabs                    no-mixed-spaces-and-tabs
  761:2   warning  Mixed spaces and tabs                    no-mixed-spaces-and-tabs
  762:1   warning  Mixed spaces and tabs                    no-mixed-spaces-and-tabs
  763:1   warning  Mixed spaces and tabs                    no-mixed-spaces-and-tabs
  774:1   warning  Mixed spaces and tabs                    no-mixed-spaces-and-tabs
  778:1   warning  Mixed spaces and tabs                    no-mixed-spaces-and-tabs
  779:1   warning  Mixed spaces and tabs                    no-mixed-spaces-and-tabs
  781:1   warning  Mixed spaces and tabs                    no-mixed-spaces-and-tabs

✖ 156 problems (0 errors, 156 warnings)

